09:01:59.858 WARN  [Correct]4C1029697EE358715D3A14A2ADD817C4B01651440DE808371F78165AC90DC581 
09:04:17.077 WARN   Kicking. 1 warning. 
09:14:23.880 WARN  [Correct]4C1029697EE358715D3A14A2ADD817C4B01651440DE808371F78165AC90DC581 
09:25:31.136 WARN  [Correct]4C1029697EE358715D3A14A2ADD817C4B01651440DE808371F78165AC90DC581 
09:28:06.216 WARN   Kicking. 1 warning. 
10:22:20.530 WARN  [Wrong]0D4E0E77A921BE5F17B48FBA016C0B1879A3B9E548262F9F9BCDAC59F1D9DD82 
10:22:23.559 WARN  [Correct]4C1029697EE358715D3A14A2ADD817C4B01651440DE808371F78165AC90DC581 
11:19:24.697 ERROR read ENETUNREACH
Error: read ENETUNREACH
    at TCP.onStreamRead (internal/stream_base_commons.js:209:20) 
13:17:43.906 WARN  [Wrong]34DA1049635472D13141DB8EA7F6944E102485575AFC11A71414B532BC8915BB 
13:17:52.655 WARN  [Wrong]34DA1049635472D13141DB8EA7F6944E102485575AFC11A71414B532BC8915BB 
13:17:57.798 WARN  [Correct]4C1029697EE358715D3A14A2ADD817C4B01651440DE808371F78165AC90DC581 
13:18:29.589 WARN  [Wrong]34DA1049635472D13141DB8EA7F6944E102485575AFC11A71414B532BC8915BB 
13:18:33.036 WARN  [Correct]8C6976E5B5410415BDE908BD4DEE15DFB167A9C873FC4BB8A81F6F2AB448A918 
13:19:14.506 WARN  [Wrong]34DA1049635472D13141DB8EA7F6944E102485575AFC11A71414B532BC8915BB 
13:20:17.035 WARN  [Wrong]34DA1049635472D13141DB8EA7F6944E102485575AFC11A71414B532BC8915BB 
13:21:59.833 WARN  [Correct]4C1029697EE358715D3A14A2ADD817C4B01651440DE808371F78165AC90DC581 
13:22:42.309 WARN  [Correct]4C1029697EE358715D3A14A2ADD817C4B01651440DE808371F78165AC90DC581 
13:22:52.419 WARN  [Wrong]34DA1049635472D13141DB8EA7F6944E102485575AFC11A71414B532BC8915BB 
13:23:02.430 WARN  [Correct]8C6976E5B5410415BDE908BD4DEE15DFB167A9C873FC4BB8A81F6F2AB448A918 
13:23:48.622 WARN  [Correct]4C1029697EE358715D3A14A2ADD817C4B01651440DE808371F78165AC90DC581 
13:31:35.127 WARN  [Correct]4C1029697EE358715D3A14A2ADD817C4B01651440DE808371F78165AC90DC581 
13:32:56.979 WARN  [Correct]4C1029697EE358715D3A14A2ADD817C4B01651440DE808371F78165AC90DC581 
13:41:57.793 ERROR write EPIPE
Error: write EPIPE
    at afterWriteDispatched (internal/stream_base_commons.js:156:25)
    at writeGeneric (internal/stream_base_commons.js:147:3)
    at Socket._writeGeneric (net.js:788:11)
    at Socket._write (net.js:800:8)
    at doWrite (_stream_writable.js:403:12)
    at writeOrBuffer (_stream_writable.js:387:5)
    at Socket.Writable.write (_stream_writable.js:318:11)
    at Sender.sendFrame (/home/drew/arrasio-chat-system/node_modules/ws/lib/Sender.js:390:20)
    at Sender.doClose (/home/drew/arrasio-chat-system/node_modules/ws/lib/Sender.js:153:10)
    at Sender.close (/home/drew/arrasio-chat-system/node_modules/ws/lib/Sender.js:140:12) 
