10:33:22.540 ERROR [authenticate()] 
10:33:22.542 ERROR notificationMessageColor is not defined
ReferenceError: notificationMessageColor is not defined
    at authenticate (/home/drew/arrasio-chat-system/bin/server/server.js:401:70)
    at /pwd (/home/drew/arrasio-chat-system/bin/server/server.js:827:13)
    at incoming (/home/drew/arrasio-chat-system/bin/server/server.js:4082:37)
    at WebSocket.socket.on.message (/home/drew/arrasio-chat-system/bin/server/server.js:5439:49)
    at WebSocket.emit (events.js:198:13)
    at Receiver._receiver.onmessage (/home/drew/arrasio-chat-system/node_modules/ws/lib/WebSocket.js:141:47)
    at Receiver.dataMessage (/home/drew/arrasio-chat-system/node_modules/ws/lib/Receiver.js:380:14)
    at Receiver.getData (/home/drew/arrasio-chat-system/node_modules/ws/lib/Receiver.js:330:12)
    at Receiver.startLoop (/home/drew/arrasio-chat-system/node_modules/ws/lib/Receiver.js:165:16)
    at Receiver.add (/home/drew/arrasio-chat-system/node_modules/ws/lib/Receiver.js:139:10) 
10:33:25.760 ERROR [authenticate()] 
10:33:25.760 ERROR notificationMessageColor is not defined
ReferenceError: notificationMessageColor is not defined
    at authenticate (/home/drew/arrasio-chat-system/bin/server/server.js:401:70)
    at /pwd (/home/drew/arrasio-chat-system/bin/server/server.js:827:13)
    at incoming (/home/drew/arrasio-chat-system/bin/server/server.js:4082:37)
    at WebSocket.socket.on.message (/home/drew/arrasio-chat-system/bin/server/server.js:5439:49)
    at WebSocket.emit (events.js:198:13)
    at Receiver._receiver.onmessage (/home/drew/arrasio-chat-system/node_modules/ws/lib/WebSocket.js:141:47)
    at Receiver.dataMessage (/home/drew/arrasio-chat-system/node_modules/ws/lib/Receiver.js:380:14)
    at Receiver.getData (/home/drew/arrasio-chat-system/node_modules/ws/lib/Receiver.js:330:12)
    at Receiver.startLoop (/home/drew/arrasio-chat-system/node_modules/ws/lib/Receiver.js:165:16)
    at Receiver.add (/home/drew/arrasio-chat-system/node_modules/ws/lib/Receiver.js:139:10) 
10:33:30.546 ERROR [authenticate()] 
10:33:30.546 ERROR notificationMessageColor is not defined
ReferenceError: notificationMessageColor is not defined
    at authenticate (/home/drew/arrasio-chat-system/bin/server/server.js:401:70)
    at /pwd (/home/drew/arrasio-chat-system/bin/server/server.js:827:13)
    at incoming (/home/drew/arrasio-chat-system/bin/server/server.js:4082:37)
    at WebSocket.socket.on.message (/home/drew/arrasio-chat-system/bin/server/server.js:5439:49)
    at WebSocket.emit (events.js:198:13)
    at Receiver._receiver.onmessage (/home/drew/arrasio-chat-system/node_modules/ws/lib/WebSocket.js:141:47)
    at Receiver.dataMessage (/home/drew/arrasio-chat-system/node_modules/ws/lib/Receiver.js:380:14)
    at Receiver.getData (/home/drew/arrasio-chat-system/node_modules/ws/lib/Receiver.js:330:12)
    at Receiver.startLoop (/home/drew/arrasio-chat-system/node_modules/ws/lib/Receiver.js:165:16)
    at Receiver.add (/home/drew/arrasio-chat-system/node_modules/ws/lib/Receiver.js:139:10) 
10:35:36.833 WARN  [Correct]4C1029697EE358715D3A14A2ADD817C4B01651440DE808371F78165AC90DC581 
10:35:47.306 ERROR [kickPlayer()] 
10:35:47.309 ERROR isUserMember is not defined
ReferenceError: isUserMember is not defined
    at banem (/home/drew/arrasio-chat-system/bin/server/server.js:629:28)
    at /ban (/home/drew/arrasio-chat-system/bin/server/server.js:848:9)
    at incoming (/home/drew/arrasio-chat-system/bin/server/server.js:4084:37)
    at WebSocket.socket.on.message (/home/drew/arrasio-chat-system/bin/server/server.js:5441:49)
    at WebSocket.emit (events.js:198:13)
    at Receiver._receiver.onmessage (/home/drew/arrasio-chat-system/node_modules/ws/lib/WebSocket.js:141:47)
    at Receiver.dataMessage (/home/drew/arrasio-chat-system/node_modules/ws/lib/Receiver.js:380:14)
    at Receiver.getData (/home/drew/arrasio-chat-system/node_modules/ws/lib/Receiver.js:330:12)
    at Receiver.startLoop (/home/drew/arrasio-chat-system/node_modules/ws/lib/Receiver.js:165:16)
    at Receiver.add (/home/drew/arrasio-chat-system/node_modules/ws/lib/Receiver.js:139:10) 
10:35:51.964 ERROR [kickPlayer()] 
10:35:51.964 ERROR isUserMember is not defined
ReferenceError: isUserMember is not defined
    at banem (/home/drew/arrasio-chat-system/bin/server/server.js:629:28)
    at /ban (/home/drew/arrasio-chat-system/bin/server/server.js:848:9)
    at incoming (/home/drew/arrasio-chat-system/bin/server/server.js:4084:37)
    at WebSocket.socket.on.message (/home/drew/arrasio-chat-system/bin/server/server.js:5441:49)
    at WebSocket.emit (events.js:198:13)
    at Receiver._receiver.onmessage (/home/drew/arrasio-chat-system/node_modules/ws/lib/WebSocket.js:141:47)
    at Receiver.dataMessage (/home/drew/arrasio-chat-system/node_modules/ws/lib/Receiver.js:380:14)
    at Receiver.getData (/home/drew/arrasio-chat-system/node_modules/ws/lib/Receiver.js:330:12)
    at Receiver.startLoop (/home/drew/arrasio-chat-system/node_modules/ws/lib/Receiver.js:165:16)
    at Receiver.add (/home/drew/arrasio-chat-system/node_modules/ws/lib/Receiver.js:139:10) 
10:36:10.762 ERROR [kickPlayer()] 
10:36:10.762 ERROR isUserMember is not defined
ReferenceError: isUserMember is not defined
    at banem (/home/drew/arrasio-chat-system/bin/server/server.js:629:28)
    at /ban (/home/drew/arrasio-chat-system/bin/server/server.js:848:9)
    at incoming (/home/drew/arrasio-chat-system/bin/server/server.js:4084:37)
    at WebSocket.socket.on.message (/home/drew/arrasio-chat-system/bin/server/server.js:5441:49)
    at WebSocket.emit (events.js:198:13)
    at Receiver._receiver.onmessage (/home/drew/arrasio-chat-system/node_modules/ws/lib/WebSocket.js:141:47)
    at Receiver.dataMessage (/home/drew/arrasio-chat-system/node_modules/ws/lib/Receiver.js:380:14)
    at Receiver.getData (/home/drew/arrasio-chat-system/node_modules/ws/lib/Receiver.js:330:12)
    at Receiver.startLoop (/home/drew/arrasio-chat-system/node_modules/ws/lib/Receiver.js:165:16)
    at Receiver.add (/home/drew/arrasio-chat-system/node_modules/ws/lib/Receiver.js:139:10) 
10:37:44.929 WARN  [Correct]4C1029697EE358715D3A14A2ADD817C4B01651440DE808371F78165AC90DC581 
10:37:53.594 WARN  undefined banned! 
10:39:10.089 WARN  [Correct]4C1029697EE358715D3A14A2ADD817C4B01651440DE808371F78165AC90DC581 
10:39:22.246 WARN  undefined banned! 
10:41:13.693 WARN  [Correct]4C1029697EE358715D3A14A2ADD817C4B01651440DE808371F78165AC90DC581 
10:41:25.406 WARN  undefined banned! 
10:44:20.113 WARN  [Correct]4C1029697EE358715D3A14A2ADD817C4B01651440DE808371F78165AC90DC581 
10:44:29.347 WARN  undefined banned! 
13:26:32.791 WARN  [Correct]4C1029697EE358715D3A14A2ADD817C4B01651440DE808371F78165AC90DC581 
13:26:46.017 WARN  undefined banned! 
