08:38:18.786 WARN  [Correct]4C1029697EE358715D3A14A2ADD817C4B01651440DE808371F78165AC90DC581 
08:43:18.343 WARN  [Correct]8C6976E5B5410415BDE908BD4DEE15DFB167A9C873FC4BB8A81F6F2AB448A918 
08:48:55.808 WARN  [Correct]4C1029697EE358715D3A14A2ADD817C4B01651440DE808371F78165AC90DC581 
08:50:23.313 ERROR write EPIPE
Error: write EPIPE
    at afterWriteDispatched (internal/stream_base_commons.js:156:25)
    at writeGeneric (internal/stream_base_commons.js:147:3)
    at Socket._writeGeneric (net.js:788:11)
    at Socket._write (net.js:800:8)
    at doWrite (_stream_writable.js:403:12)
    at writeOrBuffer (_stream_writable.js:387:5)
    at Socket.Writable.write (_stream_writable.js:318:11)
    at Sender.sendFrame (/home/drew/arrasio-chat-system/node_modules/ws/lib/Sender.js:390:20)
    at Sender.doClose (/home/drew/arrasio-chat-system/node_modules/ws/lib/Sender.js:153:10)
    at Sender.close (/home/drew/arrasio-chat-system/node_modules/ws/lib/Sender.js:140:12) 
08:56:36.068 WARN  [Correct]4C1029697EE358715D3A14A2ADD817C4B01651440DE808371F78165AC90DC581 
08:58:57.363 WARN  [Correct]4C1029697EE358715D3A14A2ADD817C4B01651440DE808371F78165AC90DC581 
09:04:59.348 WARN  [Wrong]E063530ABF4756756011B3B896758ADC22CBBAD7F918F661B63EDE55B3BB21E1 
09:05:03.881 WARN  [Correct]4C1029697EE358715D3A14A2ADD817C4B01651440DE808371F78165AC90DC581 
09:06:56.195 WARN  [Wrong]34DA1049635472D13141DB8EA7F6944E102485575AFC11A71414B532BC8915BB 
09:07:00.078 WARN  [Correct]4C1029697EE358715D3A14A2ADD817C4B01651440DE808371F78165AC90DC581 
09:10:22.557 WARN  [Correct]4C1029697EE358715D3A14A2ADD817C4B01651440DE808371F78165AC90DC581 
09:12:25.681 WARN  [Correct]4C1029697EE358715D3A14A2ADD817C4B01651440DE808371F78165AC90DC581 
09:14:59.919 WARN  [Correct]4C1029697EE358715D3A14A2ADD817C4B01651440DE808371F78165AC90DC581 
09:19:16.662 WARN  [Correct]4C1029697EE358715D3A14A2ADD817C4B01651440DE808371F78165AC90DC581 
12:04:58.289 ERROR read ECONNRESET
Error: read ECONNRESET
    at TCP.onStreamRead (internal/stream_base_commons.js:209:20) 
13:15:16.279 WARN  [Correct]4C1029697EE358715D3A14A2ADD817C4B01651440DE808371F78165AC90DC581 
13:21:11.183 WARN  [Correct]4C1029697EE358715D3A14A2ADD817C4B01651440DE808371F78165AC90DC581 
13:21:22.632 WARN  [Wrong]3FCE689C825A40BD839E9293A4D8D973D23C0BC89301DBA2090E56B4F888F672 
13:21:26.203 WARN  [Wrong]E063530ABF4756756011B3B896758ADC22CBBAD7F918F661B63EDE55B3BB21E1 
13:21:31.878 WARN  [Correct]4C1029697EE358715D3A14A2ADD817C4B01651440DE808371F78165AC90DC581 
13:24:44.395 WARN  [Wrong]4B1B8AA3608A26DA451AE0630D75B60AB1BC2DD229C41A80838FC7993E835C46 
13:25:01.391 WARN  [Correct]4C1029697EE358715D3A14A2ADD817C4B01651440DE808371F78165AC90DC581 
13:35:00.426 WARN  [Correct]4C1029697EE358715D3A14A2ADD817C4B01651440DE808371F78165AC90DC581 
