08:07:08.751 WARN  [Correct]8C6976E5B5410415BDE908BD4DEE15DFB167A9C873FC4BB8A81F6F2AB448A918 
08:07:10.235 WARN  [Correct]4C1029697EE358715D3A14A2ADD817C4B01651440DE808371F78165AC90DC581 
08:29:21.967 WARN  [Correct]8C6976E5B5410415BDE908BD4DEE15DFB167A9C873FC4BB8A81F6F2AB448A918 
08:30:54.693 WARN  [Correct]4C1029697EE358715D3A14A2ADD817C4B01651440DE808371F78165AC90DC581 
10:31:51.338 WARN  [Correct]4C1029697EE358715D3A14A2ADD817C4B01651440DE808371F78165AC90DC581 
10:51:23.652 WARN  [Correct]8C6976E5B5410415BDE908BD4DEE15DFB167A9C873FC4BB8A81F6F2AB448A918 
10:52:46.438 WARN  [Correct]CFDE2CA5188AFB7BDD0691C7BEF887BABA78B709AADDE8E8C535329D5751E6FE 
10:54:58.433 WARN  [Wrong]4194D1706ED1F408D5E02D672777019F4D5385C766A8C6CA8ACBA3167D36A7B9 
10:56:11.500 WARN  [Correct]CFDE2CA5188AFB7BDD0691C7BEF887BABA78B709AADDE8E8C535329D5751E6FE 
13:40:31.163 ERROR write EPIPE
Error: write EPIPE
    at WriteWrap.afterWrite [as oncomplete] (net.js:788:14) 
13:43:12.529 WARN  [Correct]CFDE2CA5188AFB7BDD0691C7BEF887BABA78B709AADDE8E8C535329D5751E6FE 
13:43:34.510 WARN  [Correct]4C1029697EE358715D3A14A2ADD817C4B01651440DE808371F78165AC90DC581 
13:46:38.832 WARN   Kicking. 1 warning. 
13:54:17.386 WARN  [Correct]CFDE2CA5188AFB7BDD0691C7BEF887BABA78B709AADDE8E8C535329D5751E6FE 
14:22:24.249 ERROR read ENETUNREACH
Error: read ENETUNREACH
    at TCP.onStreamRead (internal/stream_base_commons.js:111:27) 
15:02:43.119 WARN  [Correct]4C1029697EE358715D3A14A2ADD817C4B01651440DE808371F78165AC90DC581 
15:02:52.967 WARN  undefined banned! 
